Watchdog 2025/03/22 12:02:58 [INFO] Start
Watchdog 2025/03/22 12:02:58 (INFO): using "/home/thethosaighfisic/vk_project/instances.enabled/vk_project/config.yaml" cluster config for instance "instance001"
started
2025-03-22 12:02:58.315 [998] main/105/interactive main.cc:498 I> Tarantool 3.3.1-0-g91caac353f6 Linux-x86_64-RelWithDebInfo
2025-03-22 12:02:58.315 [998] main/105/interactive main.cc:500 I> log level 5 (INFO)
2025-03-22 12:02:58.315 [998] main/105/interactive gc.c:131 I> wal/engine cleanup is paused
2025-03-22 12:02:58.317 [998] main/105/interactive tuple.c:411 I> mapping 268435456 bytes for memtx tuple arena...
2025-03-22 12:02:58.317 [998] main/105/interactive memtx_engine.cc:1750 I> Actual slab_alloc_factor calculated on the basis of desired slab_alloc_factor = 1.044274
2025-03-22 12:02:58.317 [998] main/105/interactive tuple.c:411 I> mapping 134217728 bytes for vinyl tuple arena...
2025-03-22 12:02:58.327 [998] main/105/interactive box.cc:2274 I> update replication_synchro_quorum = 1
2025-03-22 12:02:58.327 [998] main/105/interactive box.cc:3329 I> The option replication_synchro_queue_max_size will actually take effect after the recovery is finished
2025-03-22 12:02:58.327 [998] main/105/interactive box.cc:5439 I> instance uuid a90a05ad-3a8d-4c6e-b871-13255e1f9e23
2025-03-22 12:02:58.328 [998] main/105/interactive evio.c:269 I> tx_binary: bound to 127.0.0.1:3301
2025-03-22 12:02:58.328 [998] main/105/interactive memtx_engine.cc:718 I> initializing an empty data directory
2025-03-22 12:02:58.345 [998] main/105/interactive replication.cc:564 I> assigned id 1 to replica a90a05ad-3a8d-4c6e-b871-13255e1f9e23
2025-03-22 12:02:58.346 [998] main/105/interactive replication.cc:582 I> assigned name instance001 to replica a90a05ad-3a8d-4c6e-b871-13255e1f9e23
2025-03-22 12:02:58.346 [998] main/105/interactive box.cc:2274 I> update replication_synchro_quorum = 1
2025-03-22 12:02:58.346 [998] main/105/interactive alter.cc:4163 I> replicaset uuid 9fa33b97-68e1-473f-9088-9660f8a8d8e5
2025-03-22 12:02:58.346 [998] main/105/interactive alter.cc:4176 I> replicaset name: replicaset001
2025-03-22 12:02:58.348 [998] snapshot/101/main memtx_engine.cc:1063 I> saving snapshot `/home/thethosaighfisic/vk_project/instances.enabled/vk_project/var/lib/instance001/00000000000000000000.snap.inprogress'
2025-03-22 12:02:58.356 [998] snapshot/101/main memtx_engine.cc:1165 I> done
2025-03-22 12:02:58.356 [998] main/105/interactive box.cc:5936 I> ready to accept requests
2025-03-22 12:02:58.356 [998] main/107/gc gc.c:319 I> wal/engine cleanup is resumed
2025-03-22 12:02:58.357 [998] main/105/interactive/box.load_cfg load_cfg.lua:942 I> set 'instance_name' configuration option to "instance001"
2025-03-22 12:02:58.357 [998] main/105/interactive/box.load_cfg load_cfg.lua:942 I> set 'custom_proc_title' configuration option to "tarantool - instance001"
2025-03-22 12:02:58.357 [998] main/105/interactive/box.load_cfg load_cfg.lua:942 I> set 'log_nonblock' configuration option to false
2025-03-22 12:02:58.357 [998] main/105/interactive/box.load_cfg load_cfg.lua:942 I> set 'listen' configuration option to [{"uri":"127.0.0.1:3301"}]
2025-03-22 12:02:58.357 [998] main/105/interactive/box.load_cfg load_cfg.lua:942 I> set 'replication' configuration option to []
2025-03-22 12:02:58.357 [998] main/105/interactive/box.load_cfg load_cfg.lua:942 I> set 'replicaset_name' configuration option to "replicaset001"
2025-03-22 12:02:58.357 [998] main/108/checkpoint_daemon gc.c:643 I> scheduled next checkpoint for Sat Mar 22 13:06:02 2025
2025-03-22 12:02:58.357 [998] main/105/interactive/box.load_cfg load_cfg.lua:942 I> set 'metrics' configuration option to {"labels":{"alias":"instance001"},"include":["all"],"exclude":[]}
2025-03-22 12:02:58.358 [998] main/118/sync_credentials/tarantool.config log.lua:130 W> box.schema.user.grant("sampleuser", "read,write", "space", "bands") has failed because either the object has not been created yet, a database schema upgrade has not been performed, or the privilege write has failed (separate alert reported)
2025-03-22 12:02:58.371 [998] main utils.c:700 E> LuajitError: builtin/config/applier/app.lua:13: myapp.lua:9: unexpected symbol near '~'
2025-03-22 12:02:58.371 [998] main main.cc:1089 F> fatal error, exiting the event loop
Watchdog 2025/03/22 12:02:58 (WARN): "exit status 1".
Watchdog 2025/03/22 12:02:58 (INFO): the Instance has shutdown.
